<?xml version="1.0" encoding="UTF-8"?>
<!-- Generated by org.testng.reporters.JUnitReportReporter -->
<testsuite hostname="Raghuraj-PC" name="tests.TC01_CreateIncident" tests="1" failures="0" timestamp="14 Aug 2017 05:02:24 GMT" time="29.129" errors="0">
  <testcase name="createIncident" time="29.129" classname="tests.TC01_CreateIncident"/>
</testsuite> <!-- tests.TC01_CreateIncident -->
