<?xml version="1.0" encoding="UTF-8"?>
<!-- Generated by org.testng.reporters.JUnitReportReporter -->
<testsuite hostname="Raghuraj-PC" name="LeafTapsTests.LT05_MergeLeads" tests="1" failures="0" timestamp="16 Aug 2017 05:32:42 GMT" time="43.338" errors="0">
  <testcase name="mergeLead" time="43.338" classname="LeafTapsTests.LT05_MergeLeads"/>
</testsuite> <!-- LeafTapsTests.LT05_MergeLeads -->
