<?xml version="1.0" encoding="UTF-8"?>
<!-- Generated by org.testng.reporters.JUnitReportReporter -->
<testsuite hostname="Raghuraj-PC" name="LeafTapsTests.LT03_DeleteLead" tests="1" failures="0" timestamp="16 Aug 2017 05:32:43 GMT" time="29.666" errors="0">
  <testcase name="mergeLead" time="29.666" classname="LeafTapsTests.LT03_DeleteLead"/>
</testsuite> <!-- LeafTapsTests.LT03_DeleteLead -->
