<?xml version="1.0" encoding="UTF-8"?>
<!-- Generated by org.testng.reporters.JUnitReportReporter -->
<testsuite hostname="Raghuraj-PC" name="LeafTapsTests.LT01_CreateLead" tests="1" failures="0" timestamp="16 Aug 2017 05:32:43 GMT" time="27.952" errors="0">
  <testcase name="mergeLead" time="27.952" classname="LeafTapsTests.LT01_CreateLead"/>
</testsuite> <!-- LeafTapsTests.LT01_CreateLead -->
