<?xml version="1.0" encoding="UTF-8"?>
<!-- Generated by org.testng.reporters.JUnitReportReporter -->
<testsuite hostname="Raghuraj-PC" name="tests.TC04_CloseIncident" tests="1" failures="0" timestamp="14 Aug 2017 05:02:24 GMT" time="31.950" errors="0">
  <testcase name="assignIncident" time="31.950" classname="tests.TC04_CloseIncident"/>
</testsuite> <!-- tests.TC04_CloseIncident -->
