<?xml version="1.0" encoding="UTF-8"?>
<!-- Generated by org.testng.reporters.JUnitReportReporter -->
<testsuite hostname="Raghuraj-PC" name="tests.TC03_ResolveIncident" tests="1" failures="0" timestamp="26 Aug 2017 08:18:54 GMT" time="75.607" errors="0">
  <testcase name="assignIncident" time="75.607" classname="tests.TC03_ResolveIncident"/>
</testsuite> <!-- tests.TC03_ResolveIncident -->
