<?xml version="1.0" encoding="UTF-8"?>
<!-- Generated by org.testng.reporters.JUnitReportReporter -->
<testsuite hostname="Raghuraj-PC" name="LeafTapsTests.LT02_EditLead" tests="1" failures="0" timestamp="16 Aug 2017 05:32:42 GMT" time="26.213" errors="0">
  <testcase name="mergeLead" time="26.213" classname="LeafTapsTests.LT02_EditLead"/>
</testsuite> <!-- LeafTapsTests.LT02_EditLead -->
