<?xml version="1.0" encoding="UTF-8"?>
<!-- Generated by org.testng.reporters.JUnitReportReporter -->
<testsuite hostname="Raghuraj-PC" name="LeafTapsTests.LT04_DuplicateLead" tests="1" failures="0" timestamp="16 Aug 2017 05:32:42 GMT" time="28.380" errors="0">
  <testcase name="mergeLead" time="28.380" classname="LeafTapsTests.LT04_DuplicateLead"/>
</testsuite> <!-- LeafTapsTests.LT04_DuplicateLead -->
